<?xml version="1.0" encoding="UTF-8"?>
<!-- Generated by org.testng.reporters.JUnitReportReporter -->
<testsuite skipped="1" hostname="LAPTOP-CQ4NMO9L" name="com.w2a.testcases.Test1" tests="2" failures="0" timestamp="13 May 2020 07:27:55 GMT" time="0.002" errors="0">
  <testcase name="f" time="0.000" classname="com.w2a.testcases.Test1">
    <skipped/>
  </testcase> <!-- f -->
  <testcase name="compareData" time="0.002" classname="com.w2a.testcases.Test1"/>
</testsuite> <!-- com.w2a.testcases.Test1 -->
