<?xml version="1.0" encoding="UTF-8"?>
<!-- Generated by org.testng.reporters.JUnitReportReporter -->
<testsuite skipped="0" hostname="LAPTOP-CQ4NMO9L" name="com.w2a.testcases.WindowHandleTest" tests="1" failures="0" timestamp="06 Jun 2020 03:17:09 GMT" time="13.712" errors="0">
  <testcase name="f" time="13.712" classname="com.w2a.testcases.WindowHandleTest"/>
</testsuite> <!-- com.w2a.testcases.WindowHandleTest -->
