<?xml version="1.0" encoding="UTF-8"?>
<!-- Generated by org.testng.reporters.JUnitReportReporter -->
<testsuite skipped="1" hostname="LAPTOP-CQ4NMO9L" name="com.w2a.testcases.IframeTest" tests="2" failures="0" timestamp="07 Jun 2020 05:36:50 GMT" time="39.035" errors="0">
  <testcase name="mousehovertest" time="39.035" classname="com.w2a.testcases.IframeTest"/>
  <testcase name="iframeTesting" classname="com.w2a.testcases.IframeTest">
    <skipped/>
  </testcase> <!-- iframeTesting -->
</testsuite> <!-- com.w2a.testcases.IframeTest -->
